  Fri Dec  5 2008 16:48                                                                                                  Page    1







               2500 A.D. 8051 Macro Assembler  -  Version 4.03c
               ------------------------------------------------

                       Input  Filename : lcdname.asm
                       Output Filename : lcdname.obj


    1          00E0            	a0:	reg	A.0
    2          00E1            	a1:	reg	A.1
    3          00E2            	a2:	reg	A.2
    4          00E3            	a3:	reg	A.3
    5          00E4            	a4:	reg	A.4
    6          00E5            	a5:	reg	A.5
    7          00E6            	a6:	reg	A.6
    8          00E7            	a7:	reg	A.7
    9                          	
   10          0081            	rs:	reg	P0.1
   11          0082            	rw:	reg	P0.2
   12          0083            	e:	reg	P0.3
   13          0084            	d4:	reg	P0.4
   14          0085            	d5:	reg	P0.5
   15          0086            	d6:	reg	P0.6
   16          0087            	d7:	reg	P0.7
   17   0000                   		
   18          0030            	dcount_1:	equ	30h
   19          0031            	dcount_2:	equ	31h
   20          0032            	dcount_3:	equ	32h
   21          0033            	count16:		equ	33h
   22                          	;----------------------------------------
   23   0000                   		org	0000h
   24   0000   12 00 05        		call	init
   25   0003   01 03           		jmp	$
   26                          	
   27                          	
   28   0005                   	init:	
   29   0005   12 00 66        		call	init_lcd1
   30   0008   12 00 56        		call	clear_display
   31   000B   90 00 12        		mov	dptr,#m_sw
   32   000E   12 00 33        		call	wr_lcd_msg16
   33   0011   22              		ret
   34   0012                   	m_sw:
   35                          	;		"-1234567890123456-"
   36   0012   20 20 20 20 20  		db	 "       prerna   " 
        0017   20 20 70 72 65 
        001C   72 6E 61 20 20 
        0021   20 
   37   0022   2A 2A 2A 2A 2A  		db	 "****************",#03h
        0027   2A 2A 2A 2A 2A 
        002C   2A 2A 2A 2A 2A 
        0031   2A 03 
   38   0033                   	     	
   39                          	
   40                          	
   41   0033                   	wr_lcd_msg16:
  Fri Dec  5 2008 16:48                                                                                                  Page    2




   42   0033   75 33 00        		mov	count16,#00
   43   0036   C0 E0           		push	a
   44   0038   74 00           	wr_l1:	mov	a,#00h
   45   003A   93              		movc	a,@a+dptr
   46   003B   B4 03 03        		cjne	a,#03h,wr_l2
   47   003E   02 00 53        		jmp	out_wr
   48                          	
   49   0041   12 00 CC        	wr_l2:	call	lcd_dw
   50   0044   A3              		inc	dptr
   51                          	
   52   0045   05 33           		inc	count16
   53   0047   E5 33           		mov	a,count16
   54   0049   B4 10 EC        		cjne	a,#16d,wr_l1
   55                          	
   56   004C   74 A8           		mov	a,#10101000b
   57   004E   12 00 A8        		call	mov_lcd_cursor
   58   0051   01 38           		jmp	wr_l1
   59                          	
   60   0053                   	out_wr:
   61   0053   D0 E0           		pop	a
   62   0055   22              		ret
   63                          	;----------------------------------
   64   0056                   	clear_display:
   65   0056   C0 E0           		push	a
   66   0058   12 01 01        		call	busy
   67   005B   74 01           		mov	a,#00000001b
   68   005D   12 00 A8        		call	lcd_cw
   69   0060   12 01 11        		call	wait_5ms
   70   0063   D0 E0           		pop	a
   71   0065   22              		ret
   72   0066                   	init_lcd1:
   73   0066   12 01 11        		call	wait_5ms
   74   0069   12 01 11        		call	wait_5ms
   75   006C   12 01 11        		call	wait_5ms
   76                          	
   77   006F   74 30           		mov	a,#30h
   78   0071   12 00 C1        		call	lcd_cw0
   79                          	
   80   0074   12 01 11        		call	wait_5ms
   81   0077   74 30           		mov	a,#30h
   82   0079   12 00 C1        		call	lcd_cw0
   83                          	
   84   007C   12 01 11        		call	wait_5ms
   85   007F   74 30           		mov	a,#30h
   86   0081   12 00 C1        		call	lcd_cw0
   87                          	
   88   0084   12 01 11        		call	wait_5ms
   89   0087   74 20           		mov	a,#20h
   90   0089   12 00 C1        		call	lcd_cw0
   91                          	
   92                          	
   93   008C                   	init_lcd:
   94   008C   74 28           		mov	a,#00101000b		
   95   008E   12 00 A8        		call	lcd_cw
   96                          	
   97   0091   74 14           		mov	a,#00010100b		;incriment curser & shift display
   98   0093   12 00 A8        		call	lcd_cw
  Fri Dec  5 2008 16:48                                                                                                  Page    3




   99                          	
  100   0096   74 0E           		mov	a,#00001110b	
  101   0098   12 00 A8        		call	lcd_cw
  102                          	
  103   009B   74 06           		mov	a,#00000110b		;mov curser & shift display
  104   009D   12 00 A8        		call	lcd_cw
  105                          	
  106   00A0   74 01           		mov	a,#00000001b		;set interface length
  107   00A2   12 00 A8        		call	lcd_cw
  108   00A5   C2 80           		clr	p0.0
  109   00A7   22              		ret
  110                          	
  111   00A8                   	mov_lcd_cursor:
  112   00A8                   	lcd_cw:	
  113   00A8   C0 E0           		push	a
  114   00AA   12 01 01        		call	busy
  115   00AD   12 00 E5        		call	map	
  116   00B0   C2 81           	    	clr	rs
  117   00B2   C2 82           		clr	rw
  118   00B4                   		
  119   00B4   12 00 F6        		call	toggle_e
  120                          	
  121   00B7   C4              		swap	a
  122                          	
  123   00B8   12 00 E5        		call	map
  124   00BB   12 00 F6        		call	toggle_e
  125   00BE   D0 E0           		pop	a
  126   00C0   22              		ret
  127   00C1                   	lcd_cw0:
  128   00C1   12 00 E5        		call	map
  129   00C4   C2 81           		clr	rs
  130   00C6   C2 82           		clr	rw
  131   00C8   12 00 F6        		call	toggle_e
  132   00CB   22              		ret
  133   00CC                   	lcd_dw:
  134   00CC   C0 E0           		push	a
  135   00CE   12 01 01        		call	busy	
  136   00D1   12 00 E5        		call	map
  137   00D4   D2 81           	    	setb	rs
  138   00D6   C2 82           		clr	rw
  139                          	
  140   00D8   12 00 F6        		call	toggle_e
  141                          	
  142   00DB   C4              		swap	a
  143                          	
  144   00DC   12 00 E5        		call	map
  145   00DF   12 00 F6        		call	toggle_e
  146   00E2   D0 E0           		pop	a
  147   00E4   22              		ret
  148   00E5                   	map:	
  149   00E5   A2 E4           		mov	C,a4
  150   00E7   92 84           		mov	d4,C
  151                          	
  152   00E9   A2 E5           		mov	C,a5
  153   00EB   92 85           		mov	d5,C
  154                          	
  155   00ED   A2 E6           		mov	C,a6
  Fri Dec  5 2008 16:48                                                                                                  Page    4




  156   00EF   92 86           		mov	d6,C
  157                          	
  158   00F1   A2 E7           		mov	C,a7
  159   00F3   92 87           		mov	d7,C
  160                          	
  161   00F5   22              		ret
  162   00F6                   	toggle_e:
  163   00F6   00              		nop
  164   00F7   D2 83           		setb	e
  165   00F9   00              		nop
  166   00FA   00              		nop
  167   00FB   00              		nop
  168   00FC   00              		nop
  169   00FD   C2 83           		clr	e
  170   00FF   00              		nop
  171   0100   22              		ret
  172                          	;-------------------------------------
  173   0101                   	busy:
  174   0101   D2 87           		setb	d7
  175   0103   C2 81           		clr	rs
  176   0105   D2 82           		setb	rw
  177   0107   00              		nop
  178   0108   D2 83           		setb	e
  179   010A   00              		nop
  180   010B   A2 87           		mov	c,d7
  181   010D   00              		nop
  182   010E   C2 83           		clr	e
  183   0110   22              		ret
  184   0111                   	wait_5ms:
  185   0111   75 30 02        		mov	dcount_1,#2
  186   0114   75 31 64        	l2:	mov	dcount_2,#100
  187   0117   75 32 FA        	l1:	mov	dcount_3,#250
  188   011A   D5 32 FD        		djnz	dcount_3,$
  189   011D   D5 31 F7        		djnz	dcount_2,l1
  190   0120   D5 32 F1        		djnz	dcount_3,l2
  191   0123   22              		ret
  192   0124                   	end
  Fri Dec  5 2008 16:48                                                                                                  Page    5


Defined            Symbol Name             Value                References

    1    a0                              =  00E0      
    2    a1                              =  00E1      
    3    a2                              =  00E2      
    4    a3                              =  00E3      
    5    a4                              =  00E4          149
    6    a5                              =  00E5          152
    7    a6                              =  00E6          155
    8    a7                              =  00E7          158
  Pre    BSECT                              0000      
  173    busy                               0101           66    114    135
   64    clear_display                      0056           30
  Pre    CODE                               0000           23
   21    count16                         =  0033           42     52     53
   13    d4                              =  0084          150
   14    d5                              =  0085          153
   15    d6                              =  0086          156
   16    d7                              =  0087          159    174    180
  Pre    DATA                               0000      
   18    dcount_1                        =  0030          185
   19    dcount_2                        =  0031          186    189
   20    dcount_3                        =  0032          187    188    190
   12    e                               =  0083          164    169    178    182
  192    end                                0124      
   28    init                               0005           24
   93    init_lcd                           008C      
   72    init_lcd1                          0066           29
  187    l1                                 0117          189
  186    l2                                 0114          190
  112    lcd_cw                             00A8           68     95     98    101    104    107
  127    lcd_cw0                            00C1           78     82     86     90
  133    lcd_dw                             00CC           49
  148    map                                00E5          115    123    128    136    144
  111    mov_lcd_cursor                     00A8           57
   34    m_sw                               0012           31
   60    out_wr                             0053           47
   10    rs                              =  0081          116    129    137    175
  Pre    RSECT                              0000      
   11    rw                              =  0082          117    130    138    176
  162    toggle_e                           00F6          119    124    131    140    145
  184    wait_5ms                           0111           69     73     74     75     80     84     88
   44    wr_l1                              0038           54     58
   49    wr_l2                              0041           46
   41    wr_lcd_msg16                       0033           32




           Lines Assembled :  192             Assembly Errors :  0


